TN:
SF:src/middleware/rate-limit.ts
FN:8,rateLimit
FNF:1
FNH:1
FNDA:35,rateLimit
DA:6,1
DA:13,35
DA:14,35
DA:15,35
DA:16,14
DA:17,14
DA:19,21
DA:20,21
DA:21,13
DA:23,8
LF:10
LH:10
BRDA:15,0,0,14
BRDA:15,0,1,21
BRDA:15,1,0,35
BRDA:15,1,1,24
BRDA:20,2,0,13
BRDA:20,2,1,8
BRF:6
BRH:6
end_of_record
TN:
SF:src/routes/webhooks.ts
FN:8,(anonymous_0)
FN:23,(anonymous_1)
FNF:2
FNH:2
FNDA:8,(anonymous_0)
FNDA:3,(anonymous_1)
DA:3,1
DA:8,1
DA:9,8
DA:10,8
DA:11,8
DA:13,8
DA:14,3
DA:16,5
DA:23,1
DA:26,3
DA:27,3
DA:28,3
LF:12
LH:12
BRDA:13,0,0,3
BRDA:13,0,1,5
BRDA:13,1,0,8
BRDA:13,1,1,6
BRDA:14,2,0,3
BRDA:14,2,1,1
BRF:6
BRH:6
end_of_record
TN:
SF:src/services/csv/matcher.ts
FN:22,matchLead
FN:28,(anonymous_1)
FN:39,(anonymous_2)
FN:49,(anonymous_3)
FNF:4
FNH:4
FNDA:12,matchLead
FNDA:19,(anonymous_1)
FNDA:8,(anonymous_2)
FNDA:9,(anonymous_3)
DA:26,12
DA:28,11
DA:30,19
DA:33,11
DA:34,8
DA:35,2
DA:38,6
DA:39,4
DA:40,8
DA:42,4
DA:43,2
DA:47,4
DA:49,9
LF:13
LH:13
BRDA:26,0,0,1
BRDA:26,0,1,11
BRDA:30,1,0,19
BRDA:30,1,1,18
BRDA:33,2,0,3
BRDA:33,2,1,8
BRDA:34,3,0,2
BRDA:34,3,1,6
BRDA:38,4,0,4
BRDA:38,4,1,2
BRDA:42,5,0,2
BRDA:42,5,1,2
BRF:12
BRH:12
end_of_record
TN:
SF:src/services/csv/parser-bitrix.ts
FN:31,parseVnDate
FN:50,parseResponsible
FN:64,parseBitrixCsv
FN:75,(anonymous_3)
FN:80,(anonymous_4)
FNF:5
FNH:5
FNDA:17,parseVnDate
FNDA:17,parseResponsible
FNDA:20,parseBitrixCsv
FNDA:76,(anonymous_3)
FNDA:17,(anonymous_4)
DA:8,1
DA:32,17
DA:33,17
DA:36,17
DA:37,16
DA:38,16
DA:47,16
DA:54,17
DA:55,15
DA:56,15
DA:57,15
DA:58,14
DA:65,20
DA:70,20
DA:71,1
DA:74,19
DA:75,76
DA:76,20
DA:77,2
DA:80,17
DA:81,17
DA:82,17
DA:83,17
DA:97,17
LF:24
LH:24
BRDA:32,0,0,0
BRDA:32,0,1,17
BRDA:36,1,0,1
BRDA:36,1,1,16
BRDA:37,2,0,16
BRDA:37,3,0,16
BRDA:47,4,0,0
BRDA:47,4,1,16
BRDA:54,5,0,2
BRDA:54,5,1,15
BRDA:57,6,0,1
BRDA:57,6,1,14
BRDA:60,7,0,14
BRDA:60,7,1,0
BRDA:70,8,0,1
BRDA:70,8,1,19
BRDA:74,9,0,19
BRDA:74,9,1,0
BRDA:76,10,0,2
BRDA:76,10,1,18
BRDA:81,11,0,17
BRDA:81,11,1,0
BRDA:82,12,0,17
BRDA:82,12,1,0
BRDA:86,13,0,17
BRDA:86,13,1,1
BRDA:88,14,0,15
BRDA:88,14,1,2
BRDA:93,15,0,17
BRDA:93,15,1,16
BRF:30
BRH:24
end_of_record
TN:
SF:src/services/csv/parser-cost.ts
FN:16,splitCsvLine
FN:45,splitLinesRespectingQuotes
FN:63,parseMoney
FN:71,parseDateDMY
FN:78,parseCostCsv
FN:85,(anonymous_5)
FN:86,(anonymous_6)
FN:87,(anonymous_7)
FNF:8
FNH:8
FNDA:1048,splitCsvLine
FNDA:24,splitLinesRespectingQuotes
FNDA:1026,parseMoney
FNDA:1026,parseDateDMY
FNDA:24,parseCostCsv
FNDA:50,(anonymous_5)
FNDA:28,(anonymous_6)
FNDA:47,(anonymous_7)
DA:17,1048
DA:18,1048
DA:19,1048
DA:20,1048
DA:21,17628
DA:22,17628
DA:23,10
DA:24,0
DA:25,0
DA:26,10
DA:27,1
DA:29,9
DA:32,17618
DA:33,17617
DA:34,1057
DA:35,1057
DA:37,16560
DA:41,1048
DA:42,1048
DA:46,24
DA:47,24
DA:48,24
DA:49,24
DA:50,18703
DA:51,18703
DA:52,18703
DA:53,1029
DA:54,1029
DA:56,17674
DA:59,24
DA:60,24
DA:64,1026
DA:65,1024
DA:66,1024
DA:67,1023
DA:68,1023
DA:72,1026
DA:73,1026
DA:74,1024
DA:75,1024
DA:79,24
DA:80,24
DA:81,24
DA:82,2
DA:85,50
DA:86,28
DA:87,22
DA:88,47
DA:90,22
DA:91,22
DA:92,22
DA:93,22
DA:94,3
DA:97,19
DA:98,19
DA:99,1026
DA:100,1026
DA:101,1026
DA:102,1026
DA:103,1026
DA:104,1026
DA:105,1021
DA:106,1021
DA:109,19
DA:110,19
DA:111,46
DA:114,19
LF:67
LH:65
BRDA:22,0,0,10
BRDA:22,0,1,17618
BRDA:23,1,0,0
BRDA:23,1,1,10
BRDA:23,2,0,10
BRDA:23,2,1,1
BRDA:26,3,0,1
BRDA:26,3,1,9
BRDA:32,4,0,1
BRDA:32,4,1,17617
BRDA:33,5,0,1057
BRDA:33,5,1,16560
BRDA:51,6,0,2
BRDA:51,6,1,18701
BRDA:52,7,0,1029
BRDA:52,7,1,17674
BRDA:52,8,0,18703
BRDA:52,8,1,1029
BRDA:59,9,0,23
BRDA:59,9,1,1
BRDA:64,10,0,2
BRDA:64,10,1,1024
BRDA:66,11,0,1
BRDA:66,11,1,1023
BRDA:68,12,0,1022
BRDA:68,12,1,1
BRDA:68,13,0,1023
BRDA:68,13,1,1023
BRDA:73,14,0,2
BRDA:73,14,1,1024
BRDA:81,15,0,2
BRDA:81,15,1,22
BRDA:86,16,0,28
BRDA:86,16,1,10
BRDA:88,17,0,47
BRDA:88,17,1,29
BRDA:91,18,0,2
BRDA:91,18,1,20
BRDA:92,19,0,2
BRDA:92,19,1,20
BRDA:93,20,0,3
BRDA:93,20,1,19
BRDA:100,21,0,1026
BRDA:100,21,1,0
BRDA:101,22,0,1026
BRDA:101,22,1,0
BRDA:104,23,0,5
BRDA:104,23,1,1021
BRDA:104,24,0,1026
BRDA:104,24,1,1024
BRDA:106,25,0,1021
BRDA:106,25,1,46
BRF:52
BRH:49
end_of_record
TN:
SF:src/services/csv/parser-facebook.ts
FN:41,parseSpentNumber
FN:71,parseVnDate
FN:90,parseFacebookCsv
FN:102,(anonymous_3)
FN:107,(anonymous_4)
FN:108,(anonymous_5)
FN:110,(anonymous_6)
FNF:7
FNH:7
FNDA:4,parseSpentNumber
FNDA:23,parseVnDate
FNDA:26,parseFacebookCsv
FNDA:250,(anonymous_3)
FNDA:103,(anonymous_4)
FNDA:67,(anonymous_5)
FNDA:23,(anonymous_6)
DA:12,1
DA:25,1
DA:33,1
DA:35,1
DA:42,4
DA:43,3
DA:44,3
DA:45,3
DA:46,3
DA:72,23
DA:73,23
DA:76,23
DA:77,22
DA:78,22
DA:87,22
DA:91,26
DA:92,26
DA:97,26
DA:98,1
DA:101,25
DA:102,250
DA:103,26
DA:104,2
DA:107,103
DA:108,67
DA:110,26
DA:111,23
DA:112,23
DA:113,23
DA:115,23
DA:116,23
DA:117,238
DA:118,2
DA:122,23
DA:140,26
LF:35
LH:35
BRDA:42,0,0,1
BRDA:42,0,1,3
BRDA:44,1,0,0
BRDA:44,1,1,3
BRDA:46,2,0,3
BRDA:46,2,1,0
BRDA:72,3,0,0
BRDA:72,3,1,23
BRDA:76,4,0,1
BRDA:76,4,1,22
BRDA:77,5,0,22
BRDA:77,6,0,22
BRDA:87,7,0,0
BRDA:87,7,1,22
BRDA:97,8,0,1
BRDA:97,8,1,25
BRDA:101,9,0,25
BRDA:101,9,1,0
BRDA:103,10,0,2
BRDA:103,10,1,24
BRDA:107,11,0,23
BRDA:107,11,1,19
BRDA:108,12,0,26
BRDA:108,12,1,22
BRDA:111,13,0,23
BRDA:111,13,1,0
BRDA:112,14,0,23
BRDA:112,14,1,1
BRDA:113,15,0,23
BRDA:113,15,1,1
BRDA:117,16,0,2
BRDA:117,16,1,236
BRDA:117,17,0,238
BRDA:117,17,1,3
BRDA:126,18,0,22
BRDA:126,18,1,1
BRDA:128,19,0,23
BRDA:128,19,1,0
BRDA:129,20,0,23
BRDA:129,20,1,1
BRDA:130,21,0,23
BRDA:130,21,1,0
BRDA:131,22,0,23
BRDA:131,22,1,0
BRDA:132,23,0,23
BRDA:132,23,1,0
BRDA:134,24,0,4
BRDA:134,24,1,19
BRDA:135,25,0,1
BRDA:135,25,1,22
BRDA:135,26,0,1
BRDA:135,26,1,0
BRF:52
BRH:41
end_of_record
TN:
SF:src/services/csv/stage-mapper.ts
FN:11,resolveStage
FNF:1
FNH:1
FNDA:15,resolveStage
DA:15,15
DA:17,11
DA:18,11
DA:19,11
DA:20,2
DA:23,9
DA:24,9
DA:25,2
DA:27,7
LF:9
LH:9
BRDA:15,0,0,4
BRDA:15,0,1,11
BRDA:15,1,0,15
BRDA:15,1,1,12
BRDA:19,2,0,2
BRDA:19,2,1,9
BRDA:24,3,0,2
BRDA:24,3,1,7
BRF:8
BRH:8
end_of_record
TN:
SF:src/services/utils/unicode.ts
FN:10,normalizeName
FN:25,normalizePhone
FN:38,normalizeEntityName
FN:48,entityLookupKey
FNF:4
FNH:4
FNDA:67,normalizeName
FNDA:33,normalizePhone
FNDA:107,normalizeEntityName
FNDA:7,entityLookupKey
DA:11,67
DA:12,64
DA:26,33
DA:27,30
DA:28,30
DA:29,27
DA:30,1
DA:31,30
DA:41,107
DA:42,101
DA:51,7
LF:11
LH:11
BRDA:11,0,0,3
BRDA:11,0,1,64
BRDA:26,1,0,3
BRDA:26,1,1,30
BRDA:28,2,0,3
BRDA:28,2,1,27
BRDA:29,3,0,1
BRDA:29,3,1,26
BRDA:29,4,0,27
BRDA:29,4,1,2
BRDA:41,5,0,6
BRDA:41,5,1,101
BRF:12
BRH:12
end_of_record
